<?xml version="1.0" encoding="UTF-8"?>
<!-- Generated by org.testng.reporters.JUnitXMLReporter -->
<testsuite ignored="0" hostname="LAP-PF1T35X1" failures="0" tests="7" name="Free CRM Test Cases" time="75.982" errors="0" timestamp="07 Aug 2022 14:53:20 GMT">
  <testcase classname="com.crm.qa.test.LoginTest" name="firstPageTitleTest" time="0.03"/>
  <testcase classname="com.crm.qa.test.HomePageTest" name="verifyHomePageTitle" time="0.009"/>
  <testcase classname="com.crm.qa.test.ContactsPageTest" name="verifyContactsPagelabel" time="0.097"/>
  <testcase classname="com.crm.qa.test.LoginTest" name="loginTest" time="4.446"/>
  <testcase classname="com.crm.qa.test.HomePageTest" name="verifyUsername" time="1.137"/>
  <testcase classname="com.crm.qa.test.ContactsPageTest" name="selectContactsCheckbox" time="1.505"/>
  <testcase classname="com.crm.qa.test.HomePageTest" name="verifyContactLinkTest" time="1.785"/>
</testsuite> <!-- Free CRM Test Cases -->
