<?xml version="1.0" encoding="UTF-8"?>
<testng-results ignored="0" total="1" passed="1" failed="0" skipped="0">
  <reporter-output>
  </reporter-output>
  <suite started-at="2022-08-06T11:39:50Z" name="Default suite" finished-at="2022-08-06T11:40:08Z" duration-ms="17838">
    <groups>
    </groups>
    <test started-at="2022-08-06T11:39:50Z" name="Default test" finished-at="2022-08-06T11:40:08Z" duration-ms="17838">
      <class name="com.crm.qa.test.ContactsPageTest">
        <test-method is-config="true" signature="setUp()[pri:0, instance:com.crm.qa.test.ContactsPageTest@662706a7]" started-at="2022-08-06T17:09:50Z" name="setUp" finished-at="2022-08-06T17:10:07Z" duration-ms="16549" status="PASS">
          <reporter-output>
          </reporter-output>
        </test-method> <!-- setUp -->
        <test-method signature="selectContactsCheckbox()[pri:2, instance:com.crm.qa.test.ContactsPageTest@662706a7]" started-at="2022-08-06T17:10:07Z" name="selectContactsCheckbox" finished-at="2022-08-06T17:10:08Z" duration-ms="960" status="PASS">
          <reporter-output>
          </reporter-output>
        </test-method> <!-- selectContactsCheckbox -->
        <test-method is-config="true" signature="tearDown()[pri:0, instance:com.crm.qa.test.ContactsPageTest@662706a7]" started-at="2022-08-06T17:10:08Z" name="tearDown" finished-at="2022-08-06T17:10:08Z" duration-ms="296" status="PASS">
          <reporter-output>
          </reporter-output>
        </test-method> <!-- tearDown -->
      </class> <!-- com.crm.qa.test.ContactsPageTest -->
    </test> <!-- Default test -->
  </suite> <!-- Default suite -->
</testng-results>
