<?xml version="1.0" encoding="UTF-8"?>
<testng-results ignored="0" total="2" passed="2" failed="0" skipped="0">
  <reporter-output>
  </reporter-output>
  <suite started-at="2022-08-09T13:29:25Z" name="FREE CRM Test Suite" finished-at="2022-08-09T13:29:44Z" duration-ms="18556">
    <groups>
    </groups>
    <test started-at="2022-08-09T13:29:25Z" name="Free CRM Test Cases" finished-at="2022-08-09T13:29:44Z" duration-ms="18556">
      <class name="com.crm.qa.test.LoginTest">
        <test-method is-config="true" signature="setUp()[pri:0, instance:com.crm.qa.test.LoginTest@7dc0f706]" started-at="2022-08-09T18:59:25Z" name="setUp" finished-at="2022-08-09T18:59:31Z" duration-ms="5370" status="PASS">
          <reporter-output>
          </reporter-output>
        </test-method> <!-- setUp -->
        <test-method signature="firstPageTitleTest()[pri:1, instance:com.crm.qa.test.LoginTest@7dc0f706]" started-at="2022-08-09T18:59:31Z" name="firstPageTitleTest" finished-at="2022-08-09T18:59:31Z" duration-ms="32" status="PASS">
          <reporter-output>
          </reporter-output>
        </test-method> <!-- firstPageTitleTest -->
        <test-method is-config="true" signature="tearDown()[pri:0, instance:com.crm.qa.test.LoginTest@7dc0f706]" started-at="2022-08-09T18:59:31Z" name="tearDown" finished-at="2022-08-09T18:59:31Z" duration-ms="338" status="PASS">
          <reporter-output>
          </reporter-output>
        </test-method> <!-- tearDown -->
        <test-method is-config="true" signature="setUp()[pri:0, instance:com.crm.qa.test.LoginTest@7dc0f706]" started-at="2022-08-09T18:59:31Z" name="setUp" finished-at="2022-08-09T18:59:37Z" duration-ms="5437" status="PASS">
          <reporter-output>
          </reporter-output>
        </test-method> <!-- setUp -->
        <test-method signature="loginTest()[pri:2, instance:com.crm.qa.test.LoginTest@7dc0f706]" started-at="2022-08-09T18:59:37Z" name="loginTest" finished-at="2022-08-09T18:59:44Z" duration-ms="7165" status="PASS">
          <reporter-output>
          </reporter-output>
        </test-method> <!-- loginTest -->
        <test-method is-config="true" signature="tearDown()[pri:0, instance:com.crm.qa.test.LoginTest@7dc0f706]" started-at="2022-08-09T18:59:44Z" name="tearDown" finished-at="2022-08-09T18:59:44Z" duration-ms="176" status="PASS">
          <reporter-output>
          </reporter-output>
        </test-method> <!-- tearDown -->
      </class> <!-- com.crm.qa.test.LoginTest -->
    </test> <!-- Free CRM Test Cases -->
  </suite> <!-- FREE CRM Test Suite -->
</testng-results>
